<?xml version="1.0" encoding="UTF-8"?>
<!-- Generated by org.testng.reporters.JUnitXMLReporter -->
<testsuite ignored="0" hostname="DESKTOP-QG8CIRA" failures="0" tests="25" name="Default test" time="0.703" errors="0" timestamp="2024-05-20T15:04:21 IST">
  <testcase classname="testNGprac.DataProviderTestClass" name="testCase" time="0.022"/>
  <testcase classname="testNGprac.DataProviderTestClass" name="testCase" time="0.002"/>
  <testcase classname="testNGprac.DataProviderTestClass" name="testCase" time="0.0"/>
  <testcase classname="testNGprac.DataProviderTestClass" name="testCase" time="0.001"/>
  <testcase classname="testNGprac.DataProviderTestClass" name="testCase" time="0.001"/>
  <testcase classname="testNGprac.DataProviderTestClass" name="testCase" time="0.001"/>
  <testcase classname="testNGprac.DataProviderTestClass" name="testCase" time="0.002"/>
  <testcase classname="testNGprac.DataProviderTestClass" name="testCase" time="0.002"/>
  <testcase classname="testNGprac.DataProviderTestClass" name="testCase" time="0.002"/>
  <testcase classname="testNGprac.DataProviderTestClass" name="testCase" time="0.001"/>
  <testcase classname="testNGprac.DataProviderTestClass" name="testCase" time="0.002"/>
  <testcase classname="testNGprac.DataProviderTestClass" name="testCase" time="0.001"/>
  <testcase classname="testNGprac.DataProviderTestClass" name="testCase" time="0.001"/>
  <testcase classname="testNGprac.DataProviderTestClass" name="testCase" time="0.002"/>
  <testcase classname="testNGprac.DataProviderTestClass" name="testCase" time="0.003"/>
  <testcase classname="testNGprac.DataProviderTestClass" name="testCase" time="0.002"/>
  <testcase classname="testNGprac.DataProviderTestClass" name="testCase" time="0.002"/>
  <testcase classname="testNGprac.DataProviderTestClass" name="testCase" time="0.002"/>
  <testcase classname="testNGprac.DataProviderTestClass" name="testCase" time="0.003"/>
  <testcase classname="testNGprac.DataProviderTestClass" name="testCase" time="0.003"/>
  <testcase classname="testNGprac.DataProviderTestClass" name="testCase" time="0.001"/>
  <testcase classname="testNGprac.DataProviderTestClass" name="testCase" time="0.003"/>
  <testcase classname="testNGprac.DataProviderTestClass" name="testCase" time="0.001"/>
  <testcase classname="testNGprac.DataProviderTestClass" name="testCase" time="0.002"/>
  <testcase classname="testNGprac.DataProviderTestClass" name="testCase" time="0.001"/>
</testsuite> <!-- Default test -->
