<?xml version="1.0" encoding="UTF-8"?>
<!-- Generated by org.testng.reporters.JUnitXMLReporter -->
<testsuite ignored="0" hostname="DESKTOP-QG8CIRA" failures="0" tests="5" name="Default test" time="0.14" errors="0" timestamp="2024-03-03T10:47:25 IST">
  <testcase classname="testNGprac.TestCases" name="test1" time="0.017"/>
  <testcase classname="testNGprac.TestCases" name="test2" time="0.002"/>
  <testcase classname="testNGprac.TestCases" name="test3" time="0.002"/>
  <testcase classname="testNGprac.TestCases" name="test4" time="0.003"/>
  <testcase classname="testNGprac.TestCases" name="test5" time="0.002"/>
</testsuite> <!-- Default test -->
