<?xml version="1.0" encoding="UTF-8"?>
<!-- Generated by org.testng.reporters.JUnitXMLReporter -->
<testsuite ignored="0" hostname="DESKTOP-QG8CIRA" failures="0" tests="3" name="edge" time="6.387" errors="0" timestamp="2024-03-23T15:17:56 IST">
  <testcase classname="testNGprac.CrossBrowserTesting" name="launchBrowser" time="2.283"/>
  <testcase classname="testNGprac.CrossBrowserTesting" name="url" time="3.795"/>
  <testcase classname="testNGprac.CrossBrowserTesting" name="tearDown" time="0.253"/>
</testsuite> <!-- edge -->
