<?xml version="1.0" encoding="UTF-8"?>
<!-- Generated by org.testng.reporters.JUnitXMLReporter -->
<testsuite ignored="0" hostname="DESKTOP-QG8CIRA" failures="0" tests="3" name="FIREFOX" time="10.508" errors="0" timestamp="2024-02-23T10:30:53 IST">
  <testcase classname="testNGprac.GoogleSearchTest" name="searchText" time="0.063"/>
  <testcase classname="testNGprac.GoogleSearchTest" name="autoSuggestion" time="2.573"/>
  <testcase classname="testNGprac.GoogleSearchTest" name="validatePageTitle" time="0.009"/>
</testsuite> <!-- FIREFOX -->
