<?xml version="1.0" encoding="UTF-8"?>
<!-- Generated by org.testng.reporters.JUnitXMLReporter -->
<testsuite ignored="0" hostname="DESKTOP-QG8CIRA" failures="0" tests="3" name="GOOGLe" time="14.235" errors="0" timestamp="2024-02-23T10:30:42 IST">
  <testcase classname="testNGprac.GoogleSearchTest" name="searchText" time="0.073"/>
  <testcase classname="testNGprac.GoogleSearchTest" name="autoSuggestion" time="2.911"/>
  <testcase classname="testNGprac.GoogleSearchTest" name="validatePageTitle" time="0.009"/>
</testsuite> <!-- GOOGLe -->
