<?xml version="1.0" encoding="UTF-8"?>
<!-- Generated by org.testng.reporters.JUnitXMLReporter -->
<testsuite ignored="0" hostname="DESKTOP-QG8CIRA" failures="0" tests="5" name="Test" time="0.116" errors="0" timestamp="2024-03-03T10:50:13 IST">
  <testcase classname="testNGprac.TestCases" name="test2" time="0.021"/>
  <testcase classname="testNGprac.TestCases" name="test1" time="0.021"/>
  <testcase classname="testNGprac.TestCases" name="test5" time="0.021"/>
  <testcase classname="testNGprac.TestCases" name="test4" time="0.021"/>
  <testcase classname="testNGprac.TestCases" name="test3" time="0.021"/>
</testsuite> <!-- Test -->
