<?xml version="1.0" encoding="UTF-8"?>
<!-- Generated by org.testng.reporters.JUnitXMLReporter -->
<testsuite ignored="0" hostname="DESKTOP-QG8CIRA" failures="0" tests="4" name="Test" time="0.062" errors="0" timestamp="2024-02-09T23:47:24 IST">
  <testcase classname="testNGprac.Revise" name="testcase4" time="0.008"/>
  <testcase classname="testNGprac.Revise" name="testcase1" time="0.008"/>
  <testcase classname="testNGprac.Revise" name="testcase2" time="0.001"/>
  <testcase classname="testNGprac.Revise" name="testcase3" time="0.001"/>
</testsuite> <!-- Test -->
