<?xml version="1.0" encoding="UTF-8"?>
<!-- Generated by org.testng.reporters.JUnitXMLReporter -->
<testsuite ignored="4" hostname="DESKTOP-QG8CIRA" failures="0" tests="2" name="Default test(failed)(failed)" time="0.109" errors="0" timestamp="2024-02-23T13:55:00 IST">
  <testcase classname="testNGprac.TestNGPrac" name="username" time="0.016"/>
  <testcase classname="testNGprac.TestNGPrac" name="password" time="0.002"/>
  <testcase classname="testNGprac.TestNGPrac" name="tearDown" time="0.0">
    <ignored/>
  </testcase> <!-- tearDown -->
  <testcase classname="testNGprac.TestNGPrac" name="launch" time="0.0">
    <ignored/>
  </testcase> <!-- launch -->
  <testcase classname="testNGprac.TestNGPrac" name="login" time="0.0">
    <ignored/>
  </testcase> <!-- login -->
  <testcase classname="testNGprac.TestNGPrac" name="nagivateToApplication" time="0.0">
    <ignored/>
  </testcase> <!-- nagivateToApplication -->
</testsuite> <!-- Default test(failed)(failed) -->
