<?xml version="1.0" encoding="UTF-8"?>
<!-- Generated by org.testng.reporters.JUnitXMLReporter -->
<testsuite ignored="0" hostname="DESKTOP-QG8CIRA" failures="0" tests="4" name="Test" time="6.499" errors="0" timestamp="2024-02-05T21:11:48 IST">
  <testcase classname="practiseExpandTestingTest.WebInputTests" name="clickOnWebInputButton" time="1.08"/>
  <testcase classname="practiseExpandTestingTest.WebInputTests" name="inputTheDetails" time="0.859"/>
  <testcase classname="practiseExpandTestingTest.WebInputTests" name="showTheInputDetails" time="3.34"/>
  <testcase classname="practiseExpandTestingTest.WebInputTests" name="navigateTohomePage" time="1.031"/>
</testsuite> <!-- Test -->
