<?xml version="1.0" encoding="UTF-8"?>
<!-- Generated by org.testng.reporters.JUnitXMLReporter -->
<testsuite ignored="4" hostname="DESKTOP-QG8CIRA" failures="0" tests="10" name="Test" time="19.149" errors="0" timestamp="2024-02-07T22:22:08 IST">
  <testcase classname="practiseExpandTestingTest.WebInputTests" name="clickOnWebInputButton" time="0.883"/>
  <testcase classname="practiseExpandTestingTest.WebInputTests" name="inputTheDetails" time="0.264"/>
  <testcase classname="practiseExpandTestingTest.WebInputTests" name="showTheInputDetails" time="3.129"/>
  <testcase classname="practiseExpandTestingTest.WebInputTests" name="navigateTohomePage" time="1.137"/>
  <testcase classname="practiseExpandTestingTest.DragNDropTest" name="clickOnHomeButton" time="2.907"/>
  <testcase classname="practiseExpandTestingTest.DragNDropTest" name="performDragAndDropAction" time="3.291"/>
  <testcase classname="practiseExpandTestingTest.DragNDropTest" name="navigateToHome" time="1.064"/>
  <testcase classname="practiseExpandTestingTest.DragNDropCirclesTest" name="clickOnDragNDrop" time="1.008"/>
  <testcase classname="practiseExpandTestingTest.DragNDropCirclesTest" name="dragCircleInTraget" time="2.812"/>
  <testcase classname="practiseExpandTestingTest.DragNDropCirclesTest" name="navigateToHome" time="1.03"/>
  <testcase classname="practiseExpandTestingTest.BaseTest" name="@BeforeSuite initBrowser" time="0.0">
    <ignored/>
  </testcase> <!-- @BeforeSuite initBrowser -->
  <testcase classname="practiseExpandTestingTest.BaseTest" name="@BeforeSuite initBrowser" time="0.0">
    <ignored/>
  </testcase> <!-- @BeforeSuite initBrowser -->
  <testcase classname="practiseExpandTestingTest.BaseTest" name="@AfterSuite tearDown" time="0.0">
    <ignored/>
  </testcase> <!-- @AfterSuite tearDown -->
  <testcase classname="practiseExpandTestingTest.BaseTest" name="@AfterSuite tearDown" time="0.0">
    <ignored/>
  </testcase> <!-- @AfterSuite tearDown -->
</testsuite> <!-- Test -->
