<?xml version="1.0" encoding="UTF-8"?>
<testsuite xmlns:xsi="http://www.w3.org/2001/XMLSchema-instance" xsi:noNamespaceSchemaLocation="https://maven.apache.org/surefire/maven-surefire-plugin/xsd/surefire-test-report-3.0.xsd" version="3.0" name="TestSuite" time="110.62" tests="21" errors="0" skipped="0" failures="0">
  <properties>
[...]
</properties>
  <testcase name="clickOnWebInputButton" classname="practiseExpandTestingTest.WebInputTests" time="2.316">
    <system-out><![CDATA[Testcase StartedclickOnWebInputButton
TestCase PassedclickOnWebInputButton
]]></system-out>
    <system-err><![CDATA[SLF4J: Failed to load class "org.slf4j.impl.StaticLoggerBinder".
SLF4J: Defaulting to no-operation (NOP) logger implementation
SLF4J: See http://www.slf4j.org/codes.html#StaticLoggerBinder for further details.
]]></system-err>
  </testcase>
  <testcase name="inputTheDetails" classname="practiseExpandTestingTest.WebInputTests" time="0.769">
    <system-out><![CDATA[Testcase StartedinputTheDetails
TestCase PassedinputTheDetails
]]></system-out>
  </testcase>
  <testcase name="showTheInputDetails" classname="practiseExpandTestingTest.WebInputTests" time="3.518">
    <system-out><![CDATA[Testcase StartedshowTheInputDetails
TestCase PassedshowTheInputDetails
]]></system-out>
  </testcase>
  <testcase name="navigateTohomePage" classname="practiseExpandTestingTest.WebInputTests" time="2.335">
    <system-out><![CDATA[Testcase StartednavigateTohomePage
TestCase PassednavigateTohomePage
]]></system-out>
  </testcase>
  <testcase name="clickOnHomeButton" classname="practiseExpandTestingTest.DragNDropTest" time="3.62">
    <system-out><![CDATA[Testcase StartedclickOnHomeButton
TestCase PassedclickOnHomeButton
]]></system-out>
  </testcase>
  <testcase name="performDragAndDropAction" classname="practiseExpandTestingTest.DragNDropTest" time="3.635">
    <system-out><![CDATA[Testcase StartedperformDragAndDropAction
TestCase PassedperformDragAndDropAction
]]></system-out>
  </testcase>
  <testcase name="navigateToHome" classname="practiseExpandTestingTest.DragNDropTest" time="2.235">
    <system-out><![CDATA[Testcase StartednavigateToHome
TestCase PassednavigateToHome
]]></system-out>
  </testcase>
  <testcase name="clickOnDragNDrop" classname="practiseExpandTestingTest.DragNDropCirclesTest" time="1.269">
    <system-out><![CDATA[Testcase StartedclickOnDragNDrop
TestCase PassedclickOnDragNDrop
]]></system-out>
  </testcase>
  <testcase name="dragCircleInTraget" classname="practiseExpandTestingTest.DragNDropCirclesTest" time="3.325">
    <system-out><![CDATA[Testcase StarteddragCircleInTraget
TestCase PasseddragCircleInTraget
]]></system-out>
  </testcase>
  <testcase name="navigateToHome" classname="practiseExpandTestingTest.DragNDropCirclesTest" time="1.301">
    <system-out><![CDATA[Testcase StartednavigateToHome
TestCase PassednavigateToHome
]]></system-out>
  </testcase>
  <testcase name="clickOnLoginOnHomePage" classname="practiseExpandTestingTest.LoginTest" time="3.163">
    <system-out><![CDATA[Testcase StartedclickOnLoginOnHomePage
TestCase PassedclickOnLoginOnHomePage
]]></system-out>
  </testcase>
  <testcase name="validateUsernameAndPasswordFromPage" classname="practiseExpandTestingTest.LoginTest" time="0.348">
    <system-out><![CDATA[Testcase StartedvalidateUsernameAndPasswordFromPage
TestCase PassedvalidateUsernameAndPasswordFromPage
]]></system-out>
  </testcase>
  <testcase name="enterLoginDetails" classname="practiseExpandTestingTest.LoginTest" time="2.687">
    <system-out><![CDATA[Testcase StartedenterLoginDetails
TestCase PassedenterLoginDetails
]]></system-out>
  </testcase>
  <testcase name="clickOnLogin" classname="practiseExpandTestingTest.LoginTest" time="3.513">
    <system-out><![CDATA[Testcase StartedclickOnLogin
TestCase PassedclickOnLogin
]]></system-out>
  </testcase>
  <testcase name="validateSecuteLoginMesssage" classname="practiseExpandTestingTest.LoginTest" time="0.311">
    <system-out><![CDATA[Testcase StartedvalidateSecuteLoginMesssage
TestCase PassedvalidateSecuteLoginMesssage
]]></system-out>
  </testcase>
  <testcase name="navToHome" classname="practiseExpandTestingTest.LoginTest" time="1.268">
    <system-out><![CDATA[Testcase StartednavToHome
TestCase PassednavToHome
]]></system-out>
  </testcase>
  <testcase name="clickOnFormButtonOnHomePage" classname="practiseExpandTestingTest.FormValidationTest" time="1.84">
    <system-out><![CDATA[Testcase StartedclickOnFormButtonOnHomePage
TestCase PassedclickOnFormButtonOnHomePage
]]></system-out>
  </testcase>
  <testcase name="fillTheValidationForm" classname="practiseExpandTestingTest.FormValidationTest" time="61.079">
    <system-out><![CDATA[Testcase StartedfillTheValidationForm
TestCase PassedfillTheValidationForm
]]></system-out>
  </testcase>
  <testcase name="clickOnRegisterButton" classname="practiseExpandTestingTest.FormValidationTest" time="1.781">
    <system-out><![CDATA[Testcase StartedclickOnRegisterButton
TestCase PassedclickOnRegisterButton
]]></system-out>
  </testcase>
  <testcase name="validatingTheThankYouMessage" classname="practiseExpandTestingTest.FormValidationTest" time="0.282">
    <system-out><![CDATA[Testcase StartedvalidatingTheThankYouMessage
TestCase PassedvalidatingTheThankYouMessage
]]></system-out>
  </testcase>
  <testcase name="navigateToHomePage" classname="practiseExpandTestingTest.FormValidationTest" time="1.255">
    <system-out><![CDATA[Testcase StartednavigateToHomePage
TestCase PassednavigateToHomePage
]]></system-out>
  </testcase>
</testsuite>