<?xml version="1.0" encoding="UTF-8"?>
<testng-results ignored="6" total="22" passed="16" failed="0" skipped="0">
  <reporter-output>
  </reporter-output>
  <suite started-at="2024-02-08T23:48:36 IST" name="Suite" finished-at="2024-02-08T23:49:12 IST" duration-ms="36306">
    <groups>
    </groups>
    <test started-at="2024-02-08T23:48:36 IST" name="Test" finished-at="2024-02-08T23:49:12 IST" duration-ms="36306">
      <class name="practiseExpandTestingTest.WebInputTests">
        <test-method is-config="true" signature="initBrowser()[pri:0, instance:practiseExpandTestingTest.WebInputTests@79defdc]" started-at="2024-02-08T23:48:32 IST" name="initBrowser" finished-at="2024-02-08T23:48:36 IST" duration-ms="4309" status="PASS">
          <reporter-output>
          </reporter-output>
        </test-method> <!-- initBrowser -->
        <test-method is-config="true" signature="objects()[pri:0, instance:practiseExpandTestingTest.WebInputTests@79defdc]" started-at="2024-02-08T23:48:36 IST" name="objects" finished-at="2024-02-08T23:48:36 IST" duration-ms="65" status="PASS">
          <reporter-output>
          </reporter-output>
        </test-method> <!-- objects -->
        <test-method signature="clickOnWebInputButton()[pri:1, instance:practiseExpandTestingTest.WebInputTests@79defdc]" started-at="2024-02-08T23:48:36 IST" name="clickOnWebInputButton" finished-at="2024-02-08T23:48:39 IST" duration-ms="2416" status="PASS">
          <reporter-output>
          </reporter-output>
        </test-method> <!-- clickOnWebInputButton -->
        <test-method signature="inputTheDetails()[pri:2, instance:practiseExpandTestingTest.WebInputTests@79defdc]" started-at="2024-02-08T23:48:39 IST" name="inputTheDetails" finished-at="2024-02-08T23:48:39 IST" duration-ms="477" status="PASS">
          <reporter-output>
          </reporter-output>
        </test-method> <!-- inputTheDetails -->
        <test-method signature="showTheInputDetails()[pri:3, instance:practiseExpandTestingTest.WebInputTests@79defdc]" started-at="2024-02-08T23:48:40 IST" name="showTheInputDetails" finished-at="2024-02-08T23:48:43 IST" duration-ms="3259" status="PASS">
          <reporter-output>
          </reporter-output>
        </test-method> <!-- showTheInputDetails -->
        <test-method signature="navigateTohomePage()[pri:4, instance:practiseExpandTestingTest.WebInputTests@79defdc]" started-at="2024-02-08T23:48:43 IST" name="navigateTohomePage" finished-at="2024-02-08T23:48:45 IST" duration-ms="1974" status="PASS">
          <reporter-output>
          </reporter-output>
        </test-method> <!-- navigateTohomePage -->
        <test-method is-config="true" signature="tearDown()[pri:0, instance:practiseExpandTestingTest.WebInputTests@79defdc]" started-at="2024-02-08T23:49:13 IST" name="tearDown" finished-at="2024-02-08T23:49:13 IST" duration-ms="191" status="PASS">
          <reporter-output>
          </reporter-output>
        </test-method> <!-- tearDown -->
      </class> <!-- practiseExpandTestingTest.WebInputTests -->
      <class name="practiseExpandTestingTest.LoginTest">
        <test-method is-config="true" signature="objects()[pri:0, instance:practiseExpandTestingTest.LoginTest@6c7a164b]" started-at="2024-02-08T23:49:01 IST" name="objects" finished-at="2024-02-08T23:49:01 IST" duration-ms="2" status="PASS">
          <reporter-output>
          </reporter-output>
        </test-method> <!-- objects -->
        <test-method signature="clickOnLoginOnHomePage()[pri:1, instance:practiseExpandTestingTest.LoginTest@6c7a164b]" started-at="2024-02-08T23:49:01 IST" name="clickOnLoginOnHomePage" finished-at="2024-02-08T23:49:04 IST" duration-ms="2882" status="PASS">
          <reporter-output>
          </reporter-output>
        </test-method> <!-- clickOnLoginOnHomePage -->
        <test-method signature="validateUsernameAndPasswordFromPage()[pri:2, instance:practiseExpandTestingTest.LoginTest@6c7a164b]" started-at="2024-02-08T23:49:04 IST" name="validateUsernameAndPasswordFromPage" finished-at="2024-02-08T23:49:04 IST" duration-ms="125" status="PASS">
          <reporter-output>
          </reporter-output>
        </test-method> <!-- validateUsernameAndPasswordFromPage -->
        <test-method signature="enterLoginDetails()[pri:3, instance:practiseExpandTestingTest.LoginTest@6c7a164b]" started-at="2024-02-08T23:49:05 IST" name="enterLoginDetails" finished-at="2024-02-08T23:49:07 IST" duration-ms="2544" status="PASS">
          <reporter-output>
          </reporter-output>
        </test-method> <!-- enterLoginDetails -->
        <test-method signature="clickOnLogin()[pri:4, instance:practiseExpandTestingTest.LoginTest@6c7a164b]" started-at="2024-02-08T23:49:07 IST" name="clickOnLogin" finished-at="2024-02-08T23:49:11 IST" duration-ms="3234" status="PASS">
          <reporter-output>
          </reporter-output>
        </test-method> <!-- clickOnLogin -->
        <test-method signature="validateSecuteLoginMesssage()[pri:5, instance:practiseExpandTestingTest.LoginTest@6c7a164b]" started-at="2024-02-08T23:49:11 IST" name="validateSecuteLoginMesssage" finished-at="2024-02-08T23:49:11 IST" duration-ms="31" status="PASS">
          <reporter-output>
          </reporter-output>
        </test-method> <!-- validateSecuteLoginMesssage -->
        <test-method signature="navToHome()[pri:6, instance:practiseExpandTestingTest.LoginTest@6c7a164b]" started-at="2024-02-08T23:49:11 IST" name="navToHome" finished-at="2024-02-08T23:49:12 IST" duration-ms="965" status="PASS">
          <reporter-output>
          </reporter-output>
        </test-method> <!-- navToHome -->
      </class> <!-- practiseExpandTestingTest.LoginTest -->
      <class name="practiseExpandTestingTest.DragNDropCirclesTest">
        <test-method is-config="true" signature="objects()[pri:0, instance:practiseExpandTestingTest.DragNDropCirclesTest@34129c78]" started-at="2024-02-08T23:48:55 IST" name="objects" finished-at="2024-02-08T23:48:55 IST" duration-ms="5" status="PASS">
          <reporter-output>
          </reporter-output>
        </test-method> <!-- objects -->
        <test-method signature="clickOnDragNDrop()[pri:1, instance:practiseExpandTestingTest.DragNDropCirclesTest@34129c78]" started-at="2024-02-08T23:48:55 IST" name="clickOnDragNDrop" finished-at="2024-02-08T23:48:57 IST" duration-ms="1159" status="PASS">
          <reporter-output>
          </reporter-output>
        </test-method> <!-- clickOnDragNDrop -->
        <test-method signature="dragCircleInTraget()[pri:2, instance:practiseExpandTestingTest.DragNDropCirclesTest@34129c78]" started-at="2024-02-08T23:48:57 IST" name="dragCircleInTraget" finished-at="2024-02-08T23:49:00 IST" duration-ms="3012" status="PASS">
          <reporter-output>
          </reporter-output>
        </test-method> <!-- dragCircleInTraget -->
        <test-method signature="navigateToHome()[pri:3, instance:practiseExpandTestingTest.DragNDropCirclesTest@34129c78]" started-at="2024-02-08T23:49:00 IST" name="navigateToHome" finished-at="2024-02-08T23:49:01 IST" duration-ms="913" status="PASS">
          <reporter-output>
          </reporter-output>
        </test-method> <!-- navigateToHome -->
      </class> <!-- practiseExpandTestingTest.DragNDropCirclesTest -->
      <class name="practiseExpandTestingTest.DragNDropTest">
        <test-method signature="clickOnHomeButton()[pri:1, instance:practiseExpandTestingTest.DragNDropTest@62656be4]" started-at="2024-02-08T23:48:45 IST" name="clickOnHomeButton" finished-at="2024-02-08T23:48:49 IST" duration-ms="3790" status="PASS">
          <reporter-output>
          </reporter-output>
        </test-method> <!-- clickOnHomeButton -->
        <test-method is-config="true" signature="objects()[pri:0, instance:practiseExpandTestingTest.DragNDropTest@62656be4]" started-at="2024-02-08T23:48:45 IST" name="objects" finished-at="2024-02-08T23:48:45 IST" duration-ms="0" status="PASS">
          <reporter-output>
          </reporter-output>
        </test-method> <!-- objects -->
        <test-method signature="performDragAndDropAction()[pri:2, instance:practiseExpandTestingTest.DragNDropTest@62656be4]" started-at="2024-02-08T23:48:49 IST" name="performDragAndDropAction" finished-at="2024-02-08T23:48:53 IST" duration-ms="3331" status="PASS">
          <reporter-output>
          </reporter-output>
        </test-method> <!-- performDragAndDropAction -->
        <test-method signature="navigateToHome()[pri:3, instance:practiseExpandTestingTest.DragNDropTest@62656be4]" started-at="2024-02-08T23:48:53 IST" name="navigateToHome" finished-at="2024-02-08T23:48:55 IST" duration-ms="2039" status="PASS">
          <reporter-output>
          </reporter-output>
        </test-method> <!-- navigateToHome -->
      </class> <!-- practiseExpandTestingTest.DragNDropTest -->
    </test> <!-- Test -->
  </suite> <!-- Suite -->
</testng-results>
