<?xml version="1.0" encoding="UTF-8"?>
<testng-results ignored="0" total="4" passed="4" failed="0" skipped="0">
  <reporter-output>
  </reporter-output>
  <suite started-at="2024-02-05T21:11:41 IST" name="Suite" finished-at="2024-02-05T21:11:48 IST" duration-ms="6499">
    <groups>
    </groups>
    <test started-at="2024-02-05T21:11:41 IST" name="Test" finished-at="2024-02-05T21:11:48 IST" duration-ms="6499">
      <class name="practiseExpandTestingTest.WebInputTests">
        <test-method is-config="true" signature="initBrowser()[pri:0, instance:practiseExpandTestingTest.WebInputTests@e3b3b2f]" started-at="2024-02-05T21:11:37 IST" name="initBrowser" finished-at="2024-02-05T21:11:41 IST" duration-ms="4304" status="PASS">
          <reporter-output>
          </reporter-output>
        </test-method> <!-- initBrowser -->
        <test-method is-config="true" signature="objects()[pri:0, instance:practiseExpandTestingTest.WebInputTests@e3b3b2f]" started-at="2024-02-05T21:11:41 IST" name="objects" finished-at="2024-02-05T21:11:41 IST" duration-ms="58" status="PASS">
          <reporter-output>
          </reporter-output>
        </test-method> <!-- objects -->
        <test-method signature="clickOnWebInputButton()[pri:1, instance:practiseExpandTestingTest.WebInputTests@e3b3b2f]" started-at="2024-02-05T21:11:41 IST" name="clickOnWebInputButton" finished-at="2024-02-05T21:11:42 IST" duration-ms="1080" status="PASS">
          <reporter-output>
          </reporter-output>
        </test-method> <!-- clickOnWebInputButton -->
        <test-method signature="inputTheDetails()[pri:2, instance:practiseExpandTestingTest.WebInputTests@e3b3b2f]" started-at="2024-02-05T21:11:42 IST" name="inputTheDetails" finished-at="2024-02-05T21:11:43 IST" duration-ms="859" status="PASS">
          <reporter-output>
          </reporter-output>
        </test-method> <!-- inputTheDetails -->
        <test-method signature="showTheInputDetails()[pri:3, instance:practiseExpandTestingTest.WebInputTests@e3b3b2f]" started-at="2024-02-05T21:11:43 IST" name="showTheInputDetails" finished-at="2024-02-05T21:11:47 IST" duration-ms="3340" status="PASS">
          <reporter-output>
          </reporter-output>
        </test-method> <!-- showTheInputDetails -->
        <test-method signature="navigateTohomePage()[pri:4, instance:practiseExpandTestingTest.WebInputTests@e3b3b2f]" started-at="2024-02-05T21:11:47 IST" name="navigateTohomePage" finished-at="2024-02-05T21:11:48 IST" duration-ms="1031" status="PASS">
          <reporter-output>
          </reporter-output>
        </test-method> <!-- navigateTohomePage -->
        <test-method is-config="true" signature="tearDown()[pri:0, instance:practiseExpandTestingTest.WebInputTests@e3b3b2f]" started-at="2024-02-05T21:11:49 IST" name="tearDown" finished-at="2024-02-05T21:11:49 IST" duration-ms="239" status="PASS">
          <reporter-output>
          </reporter-output>
        </test-method> <!-- tearDown -->
      </class> <!-- practiseExpandTestingTest.WebInputTests -->
    </test> <!-- Test -->
  </suite> <!-- Suite -->
</testng-results>
