<?xml version="1.0" encoding="UTF-8"?>
<testng-results ignored="0" total="54" passed="54" failed="0" skipped="0">
  <reporter-output>
  </reporter-output>
  <suite started-at="2024-02-23T17:08:30 IST" name="Default suite" finished-at="2024-02-23T17:08:30 IST" duration-ms="526">
    <groups>
    </groups>
    <test started-at="2024-02-23T17:08:30 IST" name="Default test" finished-at="2024-02-23T17:08:30 IST" duration-ms="526">
      <class name="testNGprac.TestNGPrac">
        <test-method signature="launch()[pri:1, instance:testNGprac.TestNGPrac@47d9a273]" started-at="2024-02-23T17:08:30 IST" name="launch" finished-at="2024-02-23T17:08:30 IST" duration-ms="9" status="PASS">
          <reporter-output>
          </reporter-output>
        </test-method> <!-- launch -->
        <test-method signature="nagivateToApplication()[pri:2, instance:testNGprac.TestNGPrac@47d9a273]" started-at="2024-02-23T17:08:30 IST" name="nagivateToApplication" finished-at="2024-02-23T17:08:30 IST" duration-ms="1" status="PASS">
          <reporter-output>
          </reporter-output>
        </test-method> <!-- nagivateToApplication -->
        <test-method signature="usernamePassword(java.lang.String,java.lang.String)[pri:3, instance:testNGprac.TestNGPrac@47d9a273]" started-at="2024-02-23T17:08:30 IST" name="usernamePassword" data-provider="ExcelData" finished-at="2024-02-23T17:08:30 IST" duration-ms="1" status="PASS">
          <params>
            <param index="0">
              <value>
                <![CDATA[userdata]]>
              </value>
            </param>
            <param index="1">
              <value>
                <![CDATA[password]]>
              </value>
            </param>
          </params>
          <reporter-output>
          </reporter-output>
        </test-method> <!-- usernamePassword -->
        <test-method signature="usernamePassword(java.lang.String,java.lang.String)[pri:3, instance:testNGprac.TestNGPrac@47d9a273]" started-at="2024-02-23T17:08:30 IST" name="usernamePassword" data-provider="ExcelData" finished-at="2024-02-23T17:08:30 IST" duration-ms="1" status="PASS">
          <params>
            <param index="0">
              <value>
                <![CDATA[userdata1]]>
              </value>
            </param>
            <param index="1">
              <value>
                <![CDATA[password1]]>
              </value>
            </param>
          </params>
          <reporter-output>
          </reporter-output>
        </test-method> <!-- usernamePassword -->
        <test-method signature="usernamePassword(java.lang.String,java.lang.String)[pri:3, instance:testNGprac.TestNGPrac@47d9a273]" started-at="2024-02-23T17:08:30 IST" name="usernamePassword" data-provider="ExcelData" finished-at="2024-02-23T17:08:30 IST" duration-ms="0" status="PASS">
          <params>
            <param index="0">
              <value>
                <![CDATA[userdata2]]>
              </value>
            </param>
            <param index="1">
              <value>
                <![CDATA[password2]]>
              </value>
            </param>
          </params>
          <reporter-output>
          </reporter-output>
        </test-method> <!-- usernamePassword -->
        <test-method signature="usernamePassword(java.lang.String,java.lang.String)[pri:3, instance:testNGprac.TestNGPrac@47d9a273]" started-at="2024-02-23T17:08:30 IST" name="usernamePassword" data-provider="ExcelData" finished-at="2024-02-23T17:08:30 IST" duration-ms="2" status="PASS">
          <params>
            <param index="0">
              <value>
                <![CDATA[userdata3]]>
              </value>
            </param>
            <param index="1">
              <value>
                <![CDATA[password3]]>
              </value>
            </param>
          </params>
          <reporter-output>
          </reporter-output>
        </test-method> <!-- usernamePassword -->
        <test-method signature="usernamePassword(java.lang.String,java.lang.String)[pri:3, instance:testNGprac.TestNGPrac@47d9a273]" started-at="2024-02-23T17:08:30 IST" name="usernamePassword" data-provider="ExcelData" finished-at="2024-02-23T17:08:30 IST" duration-ms="1" status="PASS">
          <params>
            <param index="0">
              <value>
                <![CDATA[userdata4]]>
              </value>
            </param>
            <param index="1">
              <value>
                <![CDATA[password4]]>
              </value>
            </param>
          </params>
          <reporter-output>
          </reporter-output>
        </test-method> <!-- usernamePassword -->
        <test-method signature="usernamePassword(java.lang.String,java.lang.String)[pri:3, instance:testNGprac.TestNGPrac@47d9a273]" started-at="2024-02-23T17:08:30 IST" name="usernamePassword" data-provider="ExcelData" finished-at="2024-02-23T17:08:30 IST" duration-ms="1" status="PASS">
          <params>
            <param index="0">
              <value>
                <![CDATA[userdata5]]>
              </value>
            </param>
            <param index="1">
              <value>
                <![CDATA[password5]]>
              </value>
            </param>
          </params>
          <reporter-output>
          </reporter-output>
        </test-method> <!-- usernamePassword -->
        <test-method signature="usernamePassword(java.lang.String,java.lang.String)[pri:3, instance:testNGprac.TestNGPrac@47d9a273]" started-at="2024-02-23T17:08:30 IST" name="usernamePassword" data-provider="ExcelData" finished-at="2024-02-23T17:08:30 IST" duration-ms="0" status="PASS">
          <params>
            <param index="0">
              <value>
                <![CDATA[userdata6]]>
              </value>
            </param>
            <param index="1">
              <value>
                <![CDATA[password6]]>
              </value>
            </param>
          </params>
          <reporter-output>
          </reporter-output>
        </test-method> <!-- usernamePassword -->
        <test-method signature="usernamePassword(java.lang.String,java.lang.String)[pri:3, instance:testNGprac.TestNGPrac@47d9a273]" started-at="2024-02-23T17:08:30 IST" name="usernamePassword" data-provider="ExcelData" finished-at="2024-02-23T17:08:30 IST" duration-ms="1" status="PASS">
          <params>
            <param index="0">
              <value>
                <![CDATA[userdata7]]>
              </value>
            </param>
            <param index="1">
              <value>
                <![CDATA[password7]]>
              </value>
            </param>
          </params>
          <reporter-output>
          </reporter-output>
        </test-method> <!-- usernamePassword -->
        <test-method signature="usernamePassword(java.lang.String,java.lang.String)[pri:3, instance:testNGprac.TestNGPrac@47d9a273]" started-at="2024-02-23T17:08:30 IST" name="usernamePassword" data-provider="ExcelData" finished-at="2024-02-23T17:08:30 IST" duration-ms="0" status="PASS">
          <params>
            <param index="0">
              <value>
                <![CDATA[userdata8]]>
              </value>
            </param>
            <param index="1">
              <value>
                <![CDATA[password8]]>
              </value>
            </param>
          </params>
          <reporter-output>
          </reporter-output>
        </test-method> <!-- usernamePassword -->
        <test-method signature="usernamePassword(java.lang.String,java.lang.String)[pri:3, instance:testNGprac.TestNGPrac@47d9a273]" started-at="2024-02-23T17:08:30 IST" name="usernamePassword" data-provider="ExcelData" finished-at="2024-02-23T17:08:30 IST" duration-ms="0" status="PASS">
          <params>
            <param index="0">
              <value>
                <![CDATA[userdata9]]>
              </value>
            </param>
            <param index="1">
              <value>
                <![CDATA[password9]]>
              </value>
            </param>
          </params>
          <reporter-output>
          </reporter-output>
        </test-method> <!-- usernamePassword -->
        <test-method signature="usernamePassword(java.lang.String,java.lang.String)[pri:3, instance:testNGprac.TestNGPrac@47d9a273]" started-at="2024-02-23T17:08:30 IST" name="usernamePassword" data-provider="ExcelData" finished-at="2024-02-23T17:08:30 IST" duration-ms="0" status="PASS">
          <params>
            <param index="0">
              <value>
                <![CDATA[userdata10]]>
              </value>
            </param>
            <param index="1">
              <value>
                <![CDATA[password10]]>
              </value>
            </param>
          </params>
          <reporter-output>
          </reporter-output>
        </test-method> <!-- usernamePassword -->
        <test-method signature="usernamePassword(java.lang.String,java.lang.String)[pri:3, instance:testNGprac.TestNGPrac@47d9a273]" started-at="2024-02-23T17:08:30 IST" name="usernamePassword" data-provider="ExcelData" finished-at="2024-02-23T17:08:30 IST" duration-ms="1" status="PASS">
          <params>
            <param index="0">
              <value>
                <![CDATA[userdata11]]>
              </value>
            </param>
            <param index="1">
              <value>
                <![CDATA[password11]]>
              </value>
            </param>
          </params>
          <reporter-output>
          </reporter-output>
        </test-method> <!-- usernamePassword -->
        <test-method signature="usernamePassword(java.lang.String,java.lang.String)[pri:3, instance:testNGprac.TestNGPrac@47d9a273]" started-at="2024-02-23T17:08:30 IST" name="usernamePassword" data-provider="ExcelData" finished-at="2024-02-23T17:08:30 IST" duration-ms="1" status="PASS">
          <params>
            <param index="0">
              <value>
                <![CDATA[userdata12]]>
              </value>
            </param>
            <param index="1">
              <value>
                <![CDATA[password12]]>
              </value>
            </param>
          </params>
          <reporter-output>
          </reporter-output>
        </test-method> <!-- usernamePassword -->
        <test-method signature="usernamePassword(java.lang.String,java.lang.String)[pri:3, instance:testNGprac.TestNGPrac@47d9a273]" started-at="2024-02-23T17:08:30 IST" name="usernamePassword" data-provider="ExcelData" finished-at="2024-02-23T17:08:30 IST" duration-ms="0" status="PASS">
          <params>
            <param index="0">
              <value>
                <![CDATA[userdata13]]>
              </value>
            </param>
            <param index="1">
              <value>
                <![CDATA[password13]]>
              </value>
            </param>
          </params>
          <reporter-output>
          </reporter-output>
        </test-method> <!-- usernamePassword -->
        <test-method signature="usernamePassword(java.lang.String,java.lang.String)[pri:3, instance:testNGprac.TestNGPrac@47d9a273]" started-at="2024-02-23T17:08:30 IST" name="usernamePassword" data-provider="ExcelData" finished-at="2024-02-23T17:08:30 IST" duration-ms="1" status="PASS">
          <params>
            <param index="0">
              <value>
                <![CDATA[userdata14]]>
              </value>
            </param>
            <param index="1">
              <value>
                <![CDATA[password14]]>
              </value>
            </param>
          </params>
          <reporter-output>
          </reporter-output>
        </test-method> <!-- usernamePassword -->
        <test-method signature="usernamePassword(java.lang.String,java.lang.String)[pri:3, instance:testNGprac.TestNGPrac@47d9a273]" started-at="2024-02-23T17:08:30 IST" name="usernamePassword" data-provider="ExcelData" finished-at="2024-02-23T17:08:30 IST" duration-ms="1" status="PASS">
          <params>
            <param index="0">
              <value>
                <![CDATA[userdata15]]>
              </value>
            </param>
            <param index="1">
              <value>
                <![CDATA[password15]]>
              </value>
            </param>
          </params>
          <reporter-output>
          </reporter-output>
        </test-method> <!-- usernamePassword -->
        <test-method signature="usernamePassword(java.lang.String,java.lang.String)[pri:3, instance:testNGprac.TestNGPrac@47d9a273]" started-at="2024-02-23T17:08:30 IST" name="usernamePassword" data-provider="ExcelData" finished-at="2024-02-23T17:08:30 IST" duration-ms="1" status="PASS">
          <params>
            <param index="0">
              <value>
                <![CDATA[userdata16]]>
              </value>
            </param>
            <param index="1">
              <value>
                <![CDATA[password16]]>
              </value>
            </param>
          </params>
          <reporter-output>
          </reporter-output>
        </test-method> <!-- usernamePassword -->
        <test-method signature="usernamePassword(java.lang.String,java.lang.String)[pri:3, instance:testNGprac.TestNGPrac@47d9a273]" started-at="2024-02-23T17:08:30 IST" name="usernamePassword" data-provider="ExcelData" finished-at="2024-02-23T17:08:30 IST" duration-ms="1" status="PASS">
          <params>
            <param index="0">
              <value>
                <![CDATA[userdata17]]>
              </value>
            </param>
            <param index="1">
              <value>
                <![CDATA[password17]]>
              </value>
            </param>
          </params>
          <reporter-output>
          </reporter-output>
        </test-method> <!-- usernamePassword -->
        <test-method signature="usernamePassword(java.lang.String,java.lang.String)[pri:3, instance:testNGprac.TestNGPrac@47d9a273]" started-at="2024-02-23T17:08:30 IST" name="usernamePassword" data-provider="ExcelData" finished-at="2024-02-23T17:08:30 IST" duration-ms="1" status="PASS">
          <params>
            <param index="0">
              <value>
                <![CDATA[userdata18]]>
              </value>
            </param>
            <param index="1">
              <value>
                <![CDATA[password18]]>
              </value>
            </param>
          </params>
          <reporter-output>
          </reporter-output>
        </test-method> <!-- usernamePassword -->
        <test-method signature="usernamePassword(java.lang.String,java.lang.String)[pri:3, instance:testNGprac.TestNGPrac@47d9a273]" started-at="2024-02-23T17:08:30 IST" name="usernamePassword" data-provider="ExcelData" finished-at="2024-02-23T17:08:30 IST" duration-ms="0" status="PASS">
          <params>
            <param index="0">
              <value>
                <![CDATA[userdata19]]>
              </value>
            </param>
            <param index="1">
              <value>
                <![CDATA[password19]]>
              </value>
            </param>
          </params>
          <reporter-output>
          </reporter-output>
        </test-method> <!-- usernamePassword -->
        <test-method signature="usernamePassword(java.lang.String,java.lang.String)[pri:3, instance:testNGprac.TestNGPrac@47d9a273]" started-at="2024-02-23T17:08:30 IST" name="usernamePassword" data-provider="ExcelData" finished-at="2024-02-23T17:08:30 IST" duration-ms="1" status="PASS">
          <params>
            <param index="0">
              <value>
                <![CDATA[userdata20]]>
              </value>
            </param>
            <param index="1">
              <value>
                <![CDATA[password20]]>
              </value>
            </param>
          </params>
          <reporter-output>
          </reporter-output>
        </test-method> <!-- usernamePassword -->
        <test-method signature="usernamePassword(java.lang.String,java.lang.String)[pri:3, instance:testNGprac.TestNGPrac@47d9a273]" started-at="2024-02-23T17:08:30 IST" name="usernamePassword" data-provider="ExcelData" finished-at="2024-02-23T17:08:30 IST" duration-ms="1" status="PASS">
          <params>
            <param index="0">
              <value>
                <![CDATA[userdata21]]>
              </value>
            </param>
            <param index="1">
              <value>
                <![CDATA[password21]]>
              </value>
            </param>
          </params>
          <reporter-output>
          </reporter-output>
        </test-method> <!-- usernamePassword -->
        <test-method signature="usernamePassword(java.lang.String,java.lang.String)[pri:3, instance:testNGprac.TestNGPrac@47d9a273]" started-at="2024-02-23T17:08:30 IST" name="usernamePassword" data-provider="ExcelData" finished-at="2024-02-23T17:08:30 IST" duration-ms="1" status="PASS">
          <params>
            <param index="0">
              <value>
                <![CDATA[userdata22]]>
              </value>
            </param>
            <param index="1">
              <value>
                <![CDATA[password22]]>
              </value>
            </param>
          </params>
          <reporter-output>
          </reporter-output>
        </test-method> <!-- usernamePassword -->
        <test-method signature="usernamePassword(java.lang.String,java.lang.String)[pri:3, instance:testNGprac.TestNGPrac@47d9a273]" started-at="2024-02-23T17:08:30 IST" name="usernamePassword" data-provider="ExcelData" finished-at="2024-02-23T17:08:30 IST" duration-ms="1" status="PASS">
          <params>
            <param index="0">
              <value>
                <![CDATA[userdata23]]>
              </value>
            </param>
            <param index="1">
              <value>
                <![CDATA[password23]]>
              </value>
            </param>
          </params>
          <reporter-output>
          </reporter-output>
        </test-method> <!-- usernamePassword -->
        <test-method signature="usernamePassword(java.lang.String,java.lang.String)[pri:3, instance:testNGprac.TestNGPrac@47d9a273]" started-at="2024-02-23T17:08:30 IST" name="usernamePassword" data-provider="ExcelData" finished-at="2024-02-23T17:08:30 IST" duration-ms="0" status="PASS">
          <params>
            <param index="0">
              <value>
                <![CDATA[userdata24]]>
              </value>
            </param>
            <param index="1">
              <value>
                <![CDATA[password24]]>
              </value>
            </param>
          </params>
          <reporter-output>
          </reporter-output>
        </test-method> <!-- usernamePassword -->
        <test-method signature="usernamePassword(java.lang.String,java.lang.String)[pri:3, instance:testNGprac.TestNGPrac@47d9a273]" started-at="2024-02-23T17:08:30 IST" name="usernamePassword" data-provider="ExcelData" finished-at="2024-02-23T17:08:30 IST" duration-ms="1" status="PASS">
          <params>
            <param index="0">
              <value>
                <![CDATA[userdata25]]>
              </value>
            </param>
            <param index="1">
              <value>
                <![CDATA[password25]]>
              </value>
            </param>
          </params>
          <reporter-output>
          </reporter-output>
        </test-method> <!-- usernamePassword -->
        <test-method signature="usernamePassword(java.lang.String,java.lang.String)[pri:3, instance:testNGprac.TestNGPrac@47d9a273]" started-at="2024-02-23T17:08:30 IST" name="usernamePassword" data-provider="ExcelData" finished-at="2024-02-23T17:08:30 IST" duration-ms="0" status="PASS">
          <params>
            <param index="0">
              <value>
                <![CDATA[userdata26]]>
              </value>
            </param>
            <param index="1">
              <value>
                <![CDATA[password26]]>
              </value>
            </param>
          </params>
          <reporter-output>
          </reporter-output>
        </test-method> <!-- usernamePassword -->
        <test-method signature="usernamePassword(java.lang.String,java.lang.String)[pri:3, instance:testNGprac.TestNGPrac@47d9a273]" started-at="2024-02-23T17:08:30 IST" name="usernamePassword" data-provider="ExcelData" finished-at="2024-02-23T17:08:30 IST" duration-ms="0" status="PASS">
          <params>
            <param index="0">
              <value>
                <![CDATA[userdata27]]>
              </value>
            </param>
            <param index="1">
              <value>
                <![CDATA[password27]]>
              </value>
            </param>
          </params>
          <reporter-output>
          </reporter-output>
        </test-method> <!-- usernamePassword -->
        <test-method signature="usernamePassword(java.lang.String,java.lang.String)[pri:3, instance:testNGprac.TestNGPrac@47d9a273]" started-at="2024-02-23T17:08:30 IST" name="usernamePassword" data-provider="ExcelData" finished-at="2024-02-23T17:08:30 IST" duration-ms="1" status="PASS">
          <params>
            <param index="0">
              <value>
                <![CDATA[userdata28]]>
              </value>
            </param>
            <param index="1">
              <value>
                <![CDATA[password28]]>
              </value>
            </param>
          </params>
          <reporter-output>
          </reporter-output>
        </test-method> <!-- usernamePassword -->
        <test-method signature="usernamePassword(java.lang.String,java.lang.String)[pri:3, instance:testNGprac.TestNGPrac@47d9a273]" started-at="2024-02-23T17:08:30 IST" name="usernamePassword" data-provider="ExcelData" finished-at="2024-02-23T17:08:30 IST" duration-ms="0" status="PASS">
          <params>
            <param index="0">
              <value>
                <![CDATA[userdata29]]>
              </value>
            </param>
            <param index="1">
              <value>
                <![CDATA[password29]]>
              </value>
            </param>
          </params>
          <reporter-output>
          </reporter-output>
        </test-method> <!-- usernamePassword -->
        <test-method signature="usernamePassword(java.lang.String,java.lang.String)[pri:3, instance:testNGprac.TestNGPrac@47d9a273]" started-at="2024-02-23T17:08:30 IST" name="usernamePassword" data-provider="ExcelData" finished-at="2024-02-23T17:08:30 IST" duration-ms="0" status="PASS">
          <params>
            <param index="0">
              <value>
                <![CDATA[userdata30]]>
              </value>
            </param>
            <param index="1">
              <value>
                <![CDATA[password30]]>
              </value>
            </param>
          </params>
          <reporter-output>
          </reporter-output>
        </test-method> <!-- usernamePassword -->
        <test-method signature="usernamePassword(java.lang.String,java.lang.String)[pri:3, instance:testNGprac.TestNGPrac@47d9a273]" started-at="2024-02-23T17:08:30 IST" name="usernamePassword" data-provider="ExcelData" finished-at="2024-02-23T17:08:30 IST" duration-ms="1" status="PASS">
          <params>
            <param index="0">
              <value>
                <![CDATA[userdata31]]>
              </value>
            </param>
            <param index="1">
              <value>
                <![CDATA[password31]]>
              </value>
            </param>
          </params>
          <reporter-output>
          </reporter-output>
        </test-method> <!-- usernamePassword -->
        <test-method signature="usernamePassword(java.lang.String,java.lang.String)[pri:3, instance:testNGprac.TestNGPrac@47d9a273]" started-at="2024-02-23T17:08:30 IST" name="usernamePassword" data-provider="ExcelData" finished-at="2024-02-23T17:08:30 IST" duration-ms="0" status="PASS">
          <params>
            <param index="0">
              <value>
                <![CDATA[userdata32]]>
              </value>
            </param>
            <param index="1">
              <value>
                <![CDATA[password32]]>
              </value>
            </param>
          </params>
          <reporter-output>
          </reporter-output>
        </test-method> <!-- usernamePassword -->
        <test-method signature="usernamePassword(java.lang.String,java.lang.String)[pri:3, instance:testNGprac.TestNGPrac@47d9a273]" started-at="2024-02-23T17:08:30 IST" name="usernamePassword" data-provider="ExcelData" finished-at="2024-02-23T17:08:30 IST" duration-ms="1" status="PASS">
          <params>
            <param index="0">
              <value>
                <![CDATA[userdata33]]>
              </value>
            </param>
            <param index="1">
              <value>
                <![CDATA[password33]]>
              </value>
            </param>
          </params>
          <reporter-output>
          </reporter-output>
        </test-method> <!-- usernamePassword -->
        <test-method signature="usernamePassword(java.lang.String,java.lang.String)[pri:3, instance:testNGprac.TestNGPrac@47d9a273]" started-at="2024-02-23T17:08:30 IST" name="usernamePassword" data-provider="ExcelData" finished-at="2024-02-23T17:08:30 IST" duration-ms="0" status="PASS">
          <params>
            <param index="0">
              <value>
                <![CDATA[userdata34]]>
              </value>
            </param>
            <param index="1">
              <value>
                <![CDATA[password34]]>
              </value>
            </param>
          </params>
          <reporter-output>
          </reporter-output>
        </test-method> <!-- usernamePassword -->
        <test-method signature="usernamePassword(java.lang.String,java.lang.String)[pri:3, instance:testNGprac.TestNGPrac@47d9a273]" started-at="2024-02-23T17:08:30 IST" name="usernamePassword" data-provider="ExcelData" finished-at="2024-02-23T17:08:30 IST" duration-ms="0" status="PASS">
          <params>
            <param index="0">
              <value>
                <![CDATA[userdata35]]>
              </value>
            </param>
            <param index="1">
              <value>
                <![CDATA[password35]]>
              </value>
            </param>
          </params>
          <reporter-output>
          </reporter-output>
        </test-method> <!-- usernamePassword -->
        <test-method signature="usernamePassword(java.lang.String,java.lang.String)[pri:3, instance:testNGprac.TestNGPrac@47d9a273]" started-at="2024-02-23T17:08:30 IST" name="usernamePassword" data-provider="ExcelData" finished-at="2024-02-23T17:08:30 IST" duration-ms="1" status="PASS">
          <params>
            <param index="0">
              <value>
                <![CDATA[userdata36]]>
              </value>
            </param>
            <param index="1">
              <value>
                <![CDATA[password36]]>
              </value>
            </param>
          </params>
          <reporter-output>
          </reporter-output>
        </test-method> <!-- usernamePassword -->
        <test-method signature="usernamePassword(java.lang.String,java.lang.String)[pri:3, instance:testNGprac.TestNGPrac@47d9a273]" started-at="2024-02-23T17:08:30 IST" name="usernamePassword" data-provider="ExcelData" finished-at="2024-02-23T17:08:30 IST" duration-ms="1" status="PASS">
          <params>
            <param index="0">
              <value>
                <![CDATA[userdata37]]>
              </value>
            </param>
            <param index="1">
              <value>
                <![CDATA[password37]]>
              </value>
            </param>
          </params>
          <reporter-output>
          </reporter-output>
        </test-method> <!-- usernamePassword -->
        <test-method signature="usernamePassword(java.lang.String,java.lang.String)[pri:3, instance:testNGprac.TestNGPrac@47d9a273]" started-at="2024-02-23T17:08:30 IST" name="usernamePassword" data-provider="ExcelData" finished-at="2024-02-23T17:08:30 IST" duration-ms="2" status="PASS">
          <params>
            <param index="0">
              <value>
                <![CDATA[userdata38]]>
              </value>
            </param>
            <param index="1">
              <value>
                <![CDATA[password38]]>
              </value>
            </param>
          </params>
          <reporter-output>
          </reporter-output>
        </test-method> <!-- usernamePassword -->
        <test-method signature="usernamePassword(java.lang.String,java.lang.String)[pri:3, instance:testNGprac.TestNGPrac@47d9a273]" started-at="2024-02-23T17:08:30 IST" name="usernamePassword" data-provider="ExcelData" finished-at="2024-02-23T17:08:30 IST" duration-ms="1" status="PASS">
          <params>
            <param index="0">
              <value>
                <![CDATA[userdata39]]>
              </value>
            </param>
            <param index="1">
              <value>
                <![CDATA[password39]]>
              </value>
            </param>
          </params>
          <reporter-output>
          </reporter-output>
        </test-method> <!-- usernamePassword -->
        <test-method signature="usernamePassword(java.lang.String,java.lang.String)[pri:3, instance:testNGprac.TestNGPrac@47d9a273]" started-at="2024-02-23T17:08:30 IST" name="usernamePassword" data-provider="ExcelData" finished-at="2024-02-23T17:08:30 IST" duration-ms="1" status="PASS">
          <params>
            <param index="0">
              <value>
                <![CDATA[userdata40]]>
              </value>
            </param>
            <param index="1">
              <value>
                <![CDATA[password40]]>
              </value>
            </param>
          </params>
          <reporter-output>
          </reporter-output>
        </test-method> <!-- usernamePassword -->
        <test-method signature="usernamePassword(java.lang.String,java.lang.String)[pri:3, instance:testNGprac.TestNGPrac@47d9a273]" started-at="2024-02-23T17:08:30 IST" name="usernamePassword" data-provider="ExcelData" finished-at="2024-02-23T17:08:30 IST" duration-ms="1" status="PASS">
          <params>
            <param index="0">
              <value>
                <![CDATA[userdata41]]>
              </value>
            </param>
            <param index="1">
              <value>
                <![CDATA[password41]]>
              </value>
            </param>
          </params>
          <reporter-output>
          </reporter-output>
        </test-method> <!-- usernamePassword -->
        <test-method signature="usernamePassword(java.lang.String,java.lang.String)[pri:3, instance:testNGprac.TestNGPrac@47d9a273]" started-at="2024-02-23T17:08:30 IST" name="usernamePassword" data-provider="ExcelData" finished-at="2024-02-23T17:08:30 IST" duration-ms="1" status="PASS">
          <params>
            <param index="0">
              <value>
                <![CDATA[userdata42]]>
              </value>
            </param>
            <param index="1">
              <value>
                <![CDATA[password42]]>
              </value>
            </param>
          </params>
          <reporter-output>
          </reporter-output>
        </test-method> <!-- usernamePassword -->
        <test-method signature="usernamePassword(java.lang.String,java.lang.String)[pri:3, instance:testNGprac.TestNGPrac@47d9a273]" started-at="2024-02-23T17:08:30 IST" name="usernamePassword" data-provider="ExcelData" finished-at="2024-02-23T17:08:30 IST" duration-ms="0" status="PASS">
          <params>
            <param index="0">
              <value>
                <![CDATA[userdata43]]>
              </value>
            </param>
            <param index="1">
              <value>
                <![CDATA[password43]]>
              </value>
            </param>
          </params>
          <reporter-output>
          </reporter-output>
        </test-method> <!-- usernamePassword -->
        <test-method signature="usernamePassword(java.lang.String,java.lang.String)[pri:3, instance:testNGprac.TestNGPrac@47d9a273]" started-at="2024-02-23T17:08:30 IST" name="usernamePassword" data-provider="ExcelData" finished-at="2024-02-23T17:08:30 IST" duration-ms="1" status="PASS">
          <params>
            <param index="0">
              <value>
                <![CDATA[userdata44]]>
              </value>
            </param>
            <param index="1">
              <value>
                <![CDATA[password44]]>
              </value>
            </param>
          </params>
          <reporter-output>
          </reporter-output>
        </test-method> <!-- usernamePassword -->
        <test-method signature="usernamePassword(java.lang.String,java.lang.String)[pri:3, instance:testNGprac.TestNGPrac@47d9a273]" started-at="2024-02-23T17:08:30 IST" name="usernamePassword" data-provider="ExcelData" finished-at="2024-02-23T17:08:30 IST" duration-ms="0" status="PASS">
          <params>
            <param index="0">
              <value>
                <![CDATA[userdata45]]>
              </value>
            </param>
            <param index="1">
              <value>
                <![CDATA[password45]]>
              </value>
            </param>
          </params>
          <reporter-output>
          </reporter-output>
        </test-method> <!-- usernamePassword -->
        <test-method signature="usernamePassword(java.lang.String,java.lang.String)[pri:3, instance:testNGprac.TestNGPrac@47d9a273]" started-at="2024-02-23T17:08:30 IST" name="usernamePassword" data-provider="ExcelData" finished-at="2024-02-23T17:08:30 IST" duration-ms="0" status="PASS">
          <params>
            <param index="0">
              <value>
                <![CDATA[userdata46]]>
              </value>
            </param>
            <param index="1">
              <value>
                <![CDATA[password46]]>
              </value>
            </param>
          </params>
          <reporter-output>
          </reporter-output>
        </test-method> <!-- usernamePassword -->
        <test-method signature="usernamePassword(java.lang.String,java.lang.String)[pri:3, instance:testNGprac.TestNGPrac@47d9a273]" started-at="2024-02-23T17:08:30 IST" name="usernamePassword" data-provider="ExcelData" finished-at="2024-02-23T17:08:30 IST" duration-ms="0" status="PASS">
          <params>
            <param index="0">
              <value>
                <![CDATA[userdata47]]>
              </value>
            </param>
            <param index="1">
              <value>
                <![CDATA[password47]]>
              </value>
            </param>
          </params>
          <reporter-output>
          </reporter-output>
        </test-method> <!-- usernamePassword -->
        <test-method signature="usernamePassword(java.lang.String,java.lang.String)[pri:3, instance:testNGprac.TestNGPrac@47d9a273]" started-at="2024-02-23T17:08:30 IST" name="usernamePassword" data-provider="ExcelData" finished-at="2024-02-23T17:08:30 IST" duration-ms="0" status="PASS">
          <params>
            <param index="0">
              <value>
                <![CDATA[userdata48]]>
              </value>
            </param>
            <param index="1">
              <value>
                <![CDATA[password48]]>
              </value>
            </param>
          </params>
          <reporter-output>
          </reporter-output>
        </test-method> <!-- usernamePassword -->
        <test-method signature="usernamePassword(java.lang.String,java.lang.String)[pri:3, instance:testNGprac.TestNGPrac@47d9a273]" started-at="2024-02-23T17:08:30 IST" name="usernamePassword" data-provider="ExcelData" finished-at="2024-02-23T17:08:30 IST" duration-ms="1" status="PASS">
          <params>
            <param index="0">
              <value>
                <![CDATA[userdata49]]>
              </value>
            </param>
            <param index="1">
              <value>
                <![CDATA[password49]]>
              </value>
            </param>
          </params>
          <reporter-output>
          </reporter-output>
        </test-method> <!-- usernamePassword -->
        <test-method signature="login()[pri:5, instance:testNGprac.TestNGPrac@47d9a273]" started-at="2024-02-23T17:08:30 IST" name="login" finished-at="2024-02-23T17:08:30 IST" duration-ms="0" status="PASS">
          <reporter-output>
          </reporter-output>
        </test-method> <!-- login -->
        <test-method signature="tearDown()[pri:6, instance:testNGprac.TestNGPrac@47d9a273]" started-at="2024-02-23T17:08:30 IST" name="tearDown" finished-at="2024-02-23T17:08:30 IST" duration-ms="1" status="PASS">
          <reporter-output>
          </reporter-output>
        </test-method> <!-- tearDown -->
      </class> <!-- testNGprac.TestNGPrac -->
    </test> <!-- Default test -->
  </suite> <!-- Default suite -->
</testng-results>
